2020-02-22 19:32:07.236 - INFO  [           main] o.s.b.StartupInfoLogger        : Starting MainApplication on PC201511211421 with PID 4464 (E:\eclipsecode\boot1\target\classes started by Administrator in E:\eclipsecode\boot1)
2020-02-22 19:32:07.654 - INFO  [           main] o.s.b.SpringApplication        : No active profile set, falling back to default profiles: default
2020-02-22 19:32:11.938 - INFO  [           main] epositoryConfigurationDelegate : Multiple Spring Data modules found, entering strict repository configuration mode!
2020-02-22 19:32:11.952 - INFO  [           main] epositoryConfigurationDelegate : Bootstrapping Spring Data repositories in DEFAULT mode.
2020-02-22 19:32:12.069 - INFO  [           main] epositoryConfigurationDelegate : Finished Spring Data repository scanning in 67ms. Found 0 repository interfaces.
2020-02-22 19:32:14.161 - INFO  [           main] egate$BeanPostProcessorChecker : Bean 'org.springframework.transaction.annotation.ProxyTransactionManagementConfiguration' of type [org.springframework.transaction.annotation.ProxyTransactionManagementConfiguration$$EnhancerBySpringCGLIB$$776da920] is not eligible for getting processed by all BeanPostProcessors (for example: not eligible for auto-proxying)
2020-02-22 19:32:16.383 - INFO  [           main] o.s.b.w.e.t.TomcatWebServer    : Tomcat initialized with port(s): 8089 (http)
2020-02-22 19:32:16.511 - INFO  [           main] o.a.j.l.DirectJDKLog           : Initializing ProtocolHandler ["http-nio-8089"]
2020-02-22 19:32:16.563 - INFO  [           main] o.a.j.l.DirectJDKLog           : Starting service [Tomcat]
2020-02-22 19:32:16.565 - INFO  [           main] o.a.j.l.DirectJDKLog           : Starting Servlet engine: [Apache Tomcat/9.0.16]
2020-02-22 19:32:16.594 - INFO  [           main] o.a.j.l.DirectJDKLog           : The APR based Apache Tomcat Native library which allows optimal performance in production environments was not found on the java.library.path: [C:\Java\jdk1.8.0_40\bin;C:\windows\Sun\Java\bin;C:\windows\system32;C:\windows;C:\Python27\;C:\Python27\Scripts;C:\ProgramData\Oracle\Java\javapath;C:\windows\system32;C:\windows;C:\windows\System32\Wbem;C:\windows\System32\WindowsPowerShell\v1.0\;C:\Program Files (x86)\Intel\OpenCL SDK\2.0\bin\x86;C:\Program Files (x86)\Intel\OpenCL SDK\2.0\bin\x64;C:\Java\jdk1.8.0_40\\bin;C:\Java\jdk1.8.0_40\\jre\bin;E:\Program Files\MySQL\MySQL Server 6.0\bin;C:\Program Files\Git\usr\bin;C:\Program Files\Git\cmd;E:\Program Files\apache-maven-3.1.1\bin;C:\Python27\;C:\Python27\Scripts;D:\Program Files\nodejs\node_global;D:\Program Files\nodejs;D:\nodejs\;D:\Program Files\TortoiseSVN\bin;d:\Users\Administrator\AppData\Local\Programs\Fiddler;C:\Python27\;E:\Program Files\MySQL\mysql-5.7.26-winx64\bin;;D:\nodejs\node_global;.]
2020-02-22 19:32:17.058 - INFO  [           main] o.a.j.l.DirectJDKLog           : Initializing Spring embedded WebApplicationContext
2020-02-22 19:32:17.060 - INFO  [           main] letWebServerApplicationContext : Root WebApplicationContext: initialization completed in 8592 ms
2020-02-22 19:32:20.421 - INFO  [           main] a.DruidDataSourceAutoConfigure : Init DruidDataSource
2020-02-22 19:32:22.672 - INFO  [           main] c.a.d.p.DruidDataSource        : {dataSource-1} inited
2020-02-22 19:32:22.688 - WARN  [           main] c.s.AbstractApplicationContext : Exception encountered during context initialization - cancelling refresh attempt: org.springframework.beans.factory.UnsatisfiedDependencyException: Error creating bean with name 'houseController': Unsatisfied dependency expressed through field 'houseService'; nested exception is org.springframework.beans.factory.UnsatisfiedDependencyException: Error creating bean with name 'houseServiceImpl': Unsatisfied dependency expressed through field 'housemapper'; nested exception is org.springframework.beans.factory.UnsatisfiedDependencyException: Error creating bean with name 'houseMapper' defined in file [E:\eclipsecode\boot1\target\classes\com\study\boot1\mapper\HouseMapper.class]: Unsatisfied dependency expressed through bean property 'sqlSessionFactory'; nested exception is org.springframework.beans.factory.UnsatisfiedDependencyException: Error creating bean with name 'sqlSessionFactory' defined in class path resource [org/mybatis/spring/boot/autoconfigure/MybatisAutoConfiguration.class]: Unsatisfied dependency expressed through method 'sqlSessionFactory' parameter 0; nested exception is org.springframework.beans.factory.BeanCreationException: Error creating bean with name 'dataSource' defined in class path resource [com/alibaba/druid/spring/boot/autoconfigure/DruidDataSourceAutoConfigure.class]: Invocation of init method failed; nested exception is com.mysql.cj.jdbc.exceptions.CommunicationsException: Communications link failure

The last packet sent successfully to the server was 0 milliseconds ago. The driver has not received any packets from the server.
2020-02-22 19:32:22.789 - INFO  [           main] o.a.j.l.DirectJDKLog           : Stopping service [Tomcat]
2020-02-22 19:32:22.924 - INFO  [           main] valuationReportLoggingListener : 

Error starting ApplicationContext. To display the conditions report re-run your application with 'debug' enabled.
